<?xml version="1.0" encoding="UTF-8"?>
<!-- Generated by org.testng.reporters.JUnitReportReporter -->
<testsuite hostname="LAPTOP-N5LNRK4L" failures="0" tests="1" name="test.TC001_Login" time="3.144" errors="0" timestamp="2023-03-16T11:38:40 IST" skipped="0">
  <testcase classname="test.TC001_Login" name="tc_01" time="3.144"/>
  <system-out/>
</testsuite> <!-- test.TC001_Login -->
